2023-04-11T03:29:22+00:00 CRITICAL Uncaught TypeError: date_sub(): Argument #2 ($interval) must be of type DateInterval, bool given in C:\xampp\htdocs\SGA\wp-content\plugins\tutor\classes\Utils.php:8923
Stack trace:
#0 C:\xampp\htdocs\SGA\wp-content\plugins\tutor\classes\Utils.php(8923): date_sub(Object(DateTime), false)
#1 C:\xampp\htdocs\SGA\wp-content\plugins\tutor-pro\addons\tutor-report\views\pages\overview.php(35): TUTOR\Utils->sub_days_with_today('30 dias')
#2 C:\xampp\htdocs\SGA\wp-content\plugins\tutor-pro\addons\tutor-report\views\pages\report.php(77): include('C:\\xampp\\htdocs...')
#3 C:\xampp\htdocs\SGA\wp-content\plugins\tutor-pro\addons\tutor-report\classes\Report.php(73): include('C:\\xampp\\htdocs...')
#4 C:\xampp\htdocs\SGA\wp-includes\class-wp-hook.php(307): TUTOR_REPORT\Report->tutor_report('')
#5 C:\xampp\htdocs\SGA\wp-includes\class-wp-hook.php(331): WP_Hook->apply_filters('', Array)
#6 C:\xampp\htdocs\SGA\wp-includes\plugin.php(474): WP_Hook->do_action(Array)
#7 C:\xampp\htdocs\SGA\wp-admin\admin.php(259): do_action('tutor-lms-pro_p...')
#8 {main}
  thrown em C:\xampp\htdocs\SGA\wp-content\plugins\tutor\classes\Utils.php na linha 8923

2023-04-11T03:30:39+00:00 CRITICAL Uncaught TypeError: date_sub(): Argument #2 ($interval) must be of type DateInterval, bool given in C:\xampp\htdocs\SGA\wp-content\plugins\tutor\classes\Utils.php:8923
Stack trace:
#0 C:\xampp\htdocs\SGA\wp-content\plugins\tutor\classes\Utils.php(8923): date_sub(Object(DateTime), false)
#1 C:\xampp\htdocs\SGA\wp-content\plugins\tutor-pro\addons\tutor-report\views\pages\overview.php(35): TUTOR\Utils->sub_days_with_today('30 dias')
#2 C:\xampp\htdocs\SGA\wp-content\plugins\tutor-pro\addons\tutor-report\views\pages\report.php(77): include('C:\\xampp\\htdocs...')
#3 C:\xampp\htdocs\SGA\wp-content\plugins\tutor-pro\addons\tutor-report\classes\Report.php(73): include('C:\\xampp\\htdocs...')
#4 C:\xampp\htdocs\SGA\wp-includes\class-wp-hook.php(307): TUTOR_REPORT\Report->tutor_report('')
#5 C:\xampp\htdocs\SGA\wp-includes\class-wp-hook.php(331): WP_Hook->apply_filters('', Array)
#6 C:\xampp\htdocs\SGA\wp-includes\plugin.php(474): WP_Hook->do_action(Array)
#7 C:\xampp\htdocs\SGA\wp-admin\admin.php(259): do_action('tutor-lms-pro_p...')
#8 {main}
  thrown em C:\xampp\htdocs\SGA\wp-content\plugins\tutor\classes\Utils.php na linha 8923

2023-04-11T03:31:17+00:00 CRITICAL Uncaught TypeError: date_sub(): Argument #2 ($interval) must be of type DateInterval, bool given in C:\xampp\htdocs\SGA\wp-content\plugins\tutor\classes\Utils.php:8923
Stack trace:
#0 C:\xampp\htdocs\SGA\wp-content\plugins\tutor\classes\Utils.php(8923): date_sub(Object(DateTime), false)
#1 C:\xampp\htdocs\SGA\wp-content\plugins\tutor-pro\addons\tutor-report\views\pages\overview.php(35): TUTOR\Utils->sub_days_with_today('30 dias')
#2 C:\xampp\htdocs\SGA\wp-content\plugins\tutor-pro\addons\tutor-report\views\pages\report.php(77): include('C:\\xampp\\htdocs...')
#3 C:\xampp\htdocs\SGA\wp-content\plugins\tutor-pro\addons\tutor-report\classes\Report.php(73): include('C:\\xampp\\htdocs...')
#4 C:\xampp\htdocs\SGA\wp-includes\class-wp-hook.php(307): TUTOR_REPORT\Report->tutor_report('')
#5 C:\xampp\htdocs\SGA\wp-includes\class-wp-hook.php(331): WP_Hook->apply_filters('', Array)
#6 C:\xampp\htdocs\SGA\wp-includes\plugin.php(474): WP_Hook->do_action(Array)
#7 C:\xampp\htdocs\SGA\wp-admin\admin.php(259): do_action('tutor-lms-pro_p...')
#8 {main}
  thrown em C:\xampp\htdocs\SGA\wp-content\plugins\tutor\classes\Utils.php na linha 8923

